
*** Running vivado
    with args -log IMMED_GEN.vds -m64 -product Vivado -mode batch -messageDb vivado.pb -notrace -source IMMED_GEN.tcl


****** Vivado v2022.1 (64-bit)
  **** SW Build 3526262 on Mon Apr 18 15:47:01 MDT 2022
  **** IP Build 3524634 on Mon Apr 18 20:55:01 MDT 2022
    ** Copyright 1986-2022 Xilinx, Inc. All Rights Reserved.

source IMMED_GEN.tcl -notrace
Command: read_checkpoint -auto_incremental -incremental /home/brianm/HW4_ALU_and_IMMED/HW4_ALU_and_IMMED.srcs/utils_1/imports/synth_1/ALU.dcp
INFO: [Vivado 12-5825] Read reference checkpoint from /home/brianm/HW4_ALU_and_IMMED/HW4_ALU_and_IMMED.srcs/utils_1/imports/synth_1/ALU.dcp for incremental synthesis
INFO: [Vivado 12-7989] Please ensure there are no constraint changes
Command: synth_design -top IMMED_GEN -part xc7a35tcpg236-1
Starting synth_design
Attempting to get a license for feature 'Synthesis' and/or device 'xc7a35t'
INFO: [Common 17-349] Got license for feature 'Synthesis' and/or device 'xc7a35t'
INFO: [Designutils 20-5440] No compile time benefit to using incremental synthesis; A full resynthesis will be run
INFO: [Designutils 20-4379] Flow is switching to default flow due to incremental criteria not met. If you would like to alter this behaviour and have the flow terminate instead, please set the following parameter config_implementation {autoIncr.Synth.RejectBehavior Terminate}
INFO: [Synth 8-7079] Multithreading enabled for synth_design using a maximum of 4 processes.
INFO: [Synth 8-7078] Launching helper process for spawning children vivado processes
INFO: [Synth 8-7075] Helper process launched with PID 207588
---------------------------------------------------------------------------------
Starting Synthesize : Time (s): cpu = 00:00:03 ; elapsed = 00:00:04 . Memory (MB): peak = 2596.559 ; gain = 0.000 ; free physical = 3413 ; free virtual = 17326
---------------------------------------------------------------------------------
INFO: [Synth 8-6157] synthesizing module 'IMMED_GEN' [/home/brianm/Documents/Repos/CPE233Labs/HW4_ALU_and_IMMED/HW4_ALU_and_IMMED.srcs/sources_1/new/IMMED_GEN.sv:18]
INFO: [Synth 8-6155] done synthesizing module 'IMMED_GEN' (0#1) [/home/brianm/Documents/Repos/CPE233Labs/HW4_ALU_and_IMMED/HW4_ALU_and_IMMED.srcs/sources_1/new/IMMED_GEN.sv:18]
WARNING: [Synth 8-3330] design IMMED_GEN has an empty top module
WARNING: [Synth 8-3917] design IMMED_GEN has port U_TYPE[11] driven by constant 0
WARNING: [Synth 8-3917] design IMMED_GEN has port U_TYPE[10] driven by constant 0
WARNING: [Synth 8-3917] design IMMED_GEN has port U_TYPE[9] driven by constant 0
WARNING: [Synth 8-3917] design IMMED_GEN has port U_TYPE[8] driven by constant 0
WARNING: [Synth 8-3917] design IMMED_GEN has port U_TYPE[7] driven by constant 0
WARNING: [Synth 8-3917] design IMMED_GEN has port U_TYPE[6] driven by constant 0
WARNING: [Synth 8-3917] design IMMED_GEN has port U_TYPE[5] driven by constant 0
WARNING: [Synth 8-3917] design IMMED_GEN has port U_TYPE[4] driven by constant 0
WARNING: [Synth 8-3917] design IMMED_GEN has port U_TYPE[3] driven by constant 0
WARNING: [Synth 8-3917] design IMMED_GEN has port U_TYPE[2] driven by constant 0
WARNING: [Synth 8-3917] design IMMED_GEN has port U_TYPE[1] driven by constant 0
WARNING: [Synth 8-3917] design IMMED_GEN has port U_TYPE[0] driven by constant 0
WARNING: [Synth 8-3917] design IMMED_GEN has port J_TYPE[0] driven by constant 0
WARNING: [Synth 8-3917] design IMMED_GEN has port B_TYPE[0] driven by constant 0
---------------------------------------------------------------------------------
Finished Synthesize : Time (s): cpu = 00:00:05 ; elapsed = 00:00:05 . Memory (MB): peak = 2596.559 ; gain = 0.000 ; free physical = 3454 ; free virtual = 17347
---------------------------------------------------------------------------------
---------------------------------------------------------------------------------
Finished Constraint Validation : Time (s): cpu = 00:00:05 ; elapsed = 00:00:05 . Memory (MB): peak = 2596.559 ; gain = 0.000 ; free physical = 3446 ; free virtual = 17340
---------------------------------------------------------------------------------
---------------------------------------------------------------------------------
Start Loading Part and Timing Information
---------------------------------------------------------------------------------
Loading part: xc7a35tcpg236-1
INFO: [Device 21-403] Loading part xc7a35tcpg236-1
---------------------------------------------------------------------------------
Finished Loading Part and Timing Information : Time (s): cpu = 00:00:05 ; elapsed = 00:00:05 . Memory (MB): peak = 2604.562 ; gain = 8.004 ; free physical = 3444 ; free virtual = 17338
---------------------------------------------------------------------------------
---------------------------------------------------------------------------------
Finished RTL Optimization Phase 2 : Time (s): cpu = 00:00:05 ; elapsed = 00:00:05 . Memory (MB): peak = 2604.562 ; gain = 8.004 ; free physical = 3442 ; free virtual = 17336
---------------------------------------------------------------------------------
No constraint files found.
---------------------------------------------------------------------------------
Start RTL Component Statistics 
---------------------------------------------------------------------------------
Detailed RTL Component Info : 
---------------------------------------------------------------------------------
Finished RTL Component Statistics 
---------------------------------------------------------------------------------
---------------------------------------------------------------------------------
Start Part Resource Summary
---------------------------------------------------------------------------------
Part Resources:
DSPs: 90 (col length:60)
BRAMs: 100 (col length: RAMB18 60 RAMB36 30)
---------------------------------------------------------------------------------
Finished Part Resource Summary
---------------------------------------------------------------------------------
No constraint files found.
---------------------------------------------------------------------------------
Start Cross Boundary and Area Optimization
---------------------------------------------------------------------------------
WARNING: [Synth 8-7080] Parallel synthesis criteria is not met
WARNING: [Synth 8-3330] design IMMED_GEN has an empty top module
WARNING: [Synth 8-3917] design IMMED_GEN has port U_TYPE[11] driven by constant 0
WARNING: [Synth 8-3917] design IMMED_GEN has port U_TYPE[10] driven by constant 0
WARNING: [Synth 8-3917] design IMMED_GEN has port U_TYPE[9] driven by constant 0
WARNING: [Synth 8-3917] design IMMED_GEN has port U_TYPE[8] driven by constant 0
WARNING: [Synth 8-3917] design IMMED_GEN has port U_TYPE[7] driven by constant 0
WARNING: [Synth 8-3917] design IMMED_GEN has port U_TYPE[6] driven by constant 0
WARNING: [Synth 8-3917] design IMMED_GEN has port U_TYPE[5] driven by constant 0
WARNING: [Synth 8-3917] design IMMED_GEN has port U_TYPE[4] driven by constant 0
WARNING: [Synth 8-3917] design IMMED_GEN has port U_TYPE[3] driven by constant 0
WARNING: [Synth 8-3917] design IMMED_GEN has port U_TYPE[2] driven by constant 0
WARNING: [Synth 8-3917] design IMMED_GEN has port U_TYPE[1] driven by constant 0
WARNING: [Synth 8-3917] design IMMED_GEN has port U_TYPE[0] driven by constant 0
WARNING: [Synth 8-3917] design IMMED_GEN has port J_TYPE[0] driven by constant 0
WARNING: [Synth 8-3917] design IMMED_GEN has port B_TYPE[0] driven by constant 0
---------------------------------------------------------------------------------
Finished Cross Boundary and Area Optimization : Time (s): cpu = 00:00:08 ; elapsed = 00:00:09 . Memory (MB): peak = 2604.562 ; gain = 8.004 ; free physical = 3152 ; free virtual = 17049
---------------------------------------------------------------------------------
No constraint files found.
---------------------------------------------------------------------------------
Start Timing Optimization
---------------------------------------------------------------------------------
---------------------------------------------------------------------------------
Finished Timing Optimization : Time (s): cpu = 00:00:09 ; elapsed = 00:00:09 . Memory (MB): peak = 2604.562 ; gain = 8.004 ; free physical = 3146 ; free virtual = 17043
---------------------------------------------------------------------------------
---------------------------------------------------------------------------------
Start Technology Mapping
---------------------------------------------------------------------------------
---------------------------------------------------------------------------------
Finished Technology Mapping : Time (s): cpu = 00:00:09 ; elapsed = 00:00:09 . Memory (MB): peak = 2604.562 ; gain = 8.004 ; free physical = 3146 ; free virtual = 17043
---------------------------------------------------------------------------------
---------------------------------------------------------------------------------
Start IO Insertion
---------------------------------------------------------------------------------
---------------------------------------------------------------------------------
Start Flattening Before IO Insertion
---------------------------------------------------------------------------------
---------------------------------------------------------------------------------
Finished Flattening Before IO Insertion
---------------------------------------------------------------------------------
---------------------------------------------------------------------------------
Start Final Netlist Cleanup
---------------------------------------------------------------------------------
---------------------------------------------------------------------------------
Finished Final Netlist Cleanup
---------------------------------------------------------------------------------
---------------------------------------------------------------------------------
Finished IO Insertion : Time (s): cpu = 00:00:12 ; elapsed = 00:00:12 . Memory (MB): peak = 2604.562 ; gain = 8.004 ; free physical = 3146 ; free virtual = 17044
---------------------------------------------------------------------------------
---------------------------------------------------------------------------------
Start Renaming Generated Instances
---------------------------------------------------------------------------------
---------------------------------------------------------------------------------
Finished Renaming Generated Instances : Time (s): cpu = 00:00:12 ; elapsed = 00:00:12 . Memory (MB): peak = 2604.562 ; gain = 8.004 ; free physical = 3146 ; free virtual = 17044
---------------------------------------------------------------------------------
---------------------------------------------------------------------------------
Start Rebuilding User Hierarchy
---------------------------------------------------------------------------------
---------------------------------------------------------------------------------
Finished Rebuilding User Hierarchy : Time (s): cpu = 00:00:12 ; elapsed = 00:00:12 . Memory (MB): peak = 2604.562 ; gain = 8.004 ; free physical = 3146 ; free virtual = 17044
---------------------------------------------------------------------------------
---------------------------------------------------------------------------------
Start Renaming Generated Ports
---------------------------------------------------------------------------------
---------------------------------------------------------------------------------
Finished Renaming Generated Ports : Time (s): cpu = 00:00:12 ; elapsed = 00:00:12 . Memory (MB): peak = 2604.562 ; gain = 8.004 ; free physical = 3146 ; free virtual = 17044
---------------------------------------------------------------------------------
---------------------------------------------------------------------------------
Start Handling Custom Attributes
---------------------------------------------------------------------------------
---------------------------------------------------------------------------------
Finished Handling Custom Attributes : Time (s): cpu = 00:00:12 ; elapsed = 00:00:12 . Memory (MB): peak = 2604.562 ; gain = 8.004 ; free physical = 3146 ; free virtual = 17044
---------------------------------------------------------------------------------
---------------------------------------------------------------------------------
Start Renaming Generated Nets
---------------------------------------------------------------------------------
---------------------------------------------------------------------------------
Finished Renaming Generated Nets : Time (s): cpu = 00:00:12 ; elapsed = 00:00:12 . Memory (MB): peak = 2604.562 ; gain = 8.004 ; free physical = 3146 ; free virtual = 17044
---------------------------------------------------------------------------------
---------------------------------------------------------------------------------
Start Writing Synthesis Report
---------------------------------------------------------------------------------

Report BlackBoxes: 
+-+--------------+----------+
| |BlackBox name |Instances |
+-+--------------+----------+
+-+--------------+----------+

Report Cell Usage: 
+------+-----+------+
|      |Cell |Count |
+------+-----+------+
|1     |IBUF |    25|
|2     |OBUF |   160|
+------+-----+------+

Report Instance Areas: 
+------+---------+-------+------+
|      |Instance |Module |Cells |
+------+---------+-------+------+
|1     |top      |       |   185|
+------+---------+-------+------+
---------------------------------------------------------------------------------
Finished Writing Synthesis Report : Time (s): cpu = 00:00:12 ; elapsed = 00:00:12 . Memory (MB): peak = 2604.562 ; gain = 8.004 ; free physical = 3146 ; free virtual = 17044
---------------------------------------------------------------------------------
Synthesis finished with 0 errors, 0 critical warnings and 31 warnings.
Synthesis Optimization Runtime : Time (s): cpu = 00:00:12 ; elapsed = 00:00:12 . Memory (MB): peak = 2604.562 ; gain = 8.004 ; free physical = 3147 ; free virtual = 17044
Synthesis Optimization Complete : Time (s): cpu = 00:00:12 ; elapsed = 00:00:12 . Memory (MB): peak = 2604.570 ; gain = 8.004 ; free physical = 3147 ; free virtual = 17044
INFO: [Project 1-571] Translating synthesized netlist
Netlist sorting complete. Time (s): cpu = 00:00:00 ; elapsed = 00:00:00 . Memory (MB): peak = 2604.570 ; gain = 0.000 ; free physical = 3267 ; free virtual = 17164
INFO: [Project 1-570] Preparing netlist for logic optimization
INFO: [Opt 31-138] Pushed 0 inverter(s) to 0 load pin(s).
Netlist sorting complete. Time (s): cpu = 00:00:00 ; elapsed = 00:00:00 . Memory (MB): peak = 2604.570 ; gain = 0.000 ; free physical = 3165 ; free virtual = 17062
INFO: [Project 1-111] Unisim Transformation Summary:
No Unisim elements were transformed.

Synth Design complete, checksum: 1311f3a3
INFO: [Common 17-83] Releasing license: Synthesis
16 Infos, 31 Warnings, 0 Critical Warnings and 0 Errors encountered.
synth_design completed successfully
synth_design: Time (s): cpu = 00:00:17 ; elapsed = 00:00:14 . Memory (MB): peak = 2604.570 ; gain = 8.012 ; free physical = 3246 ; free virtual = 17143
INFO: [Common 17-1381] The checkpoint '/home/brianm/Documents/Repos/CPE233Labs/HW4_ALU_and_IMMED/HW4_ALU_and_IMMED.runs/synth_1/IMMED_GEN.dcp' has been generated.
INFO: [runtcl-4] Executing : report_utilization -file IMMED_GEN_utilization_synth.rpt -pb IMMED_GEN_utilization_synth.pb
INFO: [Common 17-206] Exiting Vivado at Fri Feb  3 11:40:12 2023...
