
*** Running vivado
    with args -log ProgRom.vds -m64 -product Vivado -mode batch -messageDb vivado.pb -notrace -source ProgRom.tcl


****** Vivado v2022.1 (64-bit)
  **** SW Build 3526262 on Mon Apr 18 15:47:01 MDT 2022
  **** IP Build 3524634 on Mon Apr 18 20:55:01 MDT 2022
    ** Copyright 1986-2022 Xilinx, Inc. All Rights Reserved.

source ProgRom.tcl -notrace
Command: synth_design -top ProgRom -part xc7a35tcpg236-1
Starting synth_design
Attempting to get a license for feature 'Synthesis' and/or device 'xc7a35t'
INFO: [Common 17-349] Got license for feature 'Synthesis' and/or device 'xc7a35t'
INFO: [Synth 8-7079] Multithreading enabled for synth_design using a maximum of 4 processes.
INFO: [Synth 8-7078] Launching helper process for spawning children vivado processes
INFO: [Synth 8-7075] Helper process launched with PID 22744
---------------------------------------------------------------------------------
Starting Synthesize : Time (s): cpu = 00:00:04 ; elapsed = 00:00:04 . Memory (MB): peak = 2596.555 ; gain = 0.000 ; free physical = 14058 ; free virtual = 21925
---------------------------------------------------------------------------------
INFO: [Synth 8-6157] synthesizing module 'ProgRom' [/home/brianm/Documents/Repos/CPE233Labs/HW_1/HW_1.srcs/sources_1/new/progROM.sv:20]
INFO: [Synth 8-3876] $readmem data file 'otter_memory.mem' is read successfully [/home/brianm/Documents/Repos/CPE233Labs/HW_1/HW_1.srcs/sources_1/new/progROM.sv:36]
INFO: [Synth 8-6155] done synthesizing module 'ProgRom' (0#1) [/home/brianm/Documents/Repos/CPE233Labs/HW_1/HW_1.srcs/sources_1/new/progROM.sv:20]
WARNING: [Synth 8-4767] Trying to implement RAM ' ' in registers. Block RAM or DRAM implementation is not possible; see log for reasons.
	1: Unable to determine number of words or word size in RAM. 
	2: No valid read/write found for RAM. 
RAM dissolved into registers
WARNING: [Synth 8-3848] Net rom in module/entity ProgRom does not have driver. [/home/brianm/Documents/Repos/CPE233Labs/HW_1/HW_1.srcs/sources_1/new/progROM.sv:32]
WARNING: [Synth 8-3848] Net rom in module/entity ProgRom does not have driver. [/home/brianm/Documents/Repos/CPE233Labs/HW_1/HW_1.srcs/sources_1/new/progROM.sv:32]
WARNING: [Synth 8-3848] Net rom in module/entity ProgRom does not have driver. [/home/brianm/Documents/Repos/CPE233Labs/HW_1/HW_1.srcs/sources_1/new/progROM.sv:32]
WARNING: [Synth 8-3848] Net rom in module/entity ProgRom does not have driver. [/home/brianm/Documents/Repos/CPE233Labs/HW_1/HW_1.srcs/sources_1/new/progROM.sv:32]
WARNING: [Synth 8-3848] Net rom in module/entity ProgRom does not have driver. [/home/brianm/Documents/Repos/CPE233Labs/HW_1/HW_1.srcs/sources_1/new/progROM.sv:32]
WARNING: [Synth 8-3848] Net rom in module/entity ProgRom does not have driver. [/home/brianm/Documents/Repos/CPE233Labs/HW_1/HW_1.srcs/sources_1/new/progROM.sv:32]
WARNING: [Synth 8-3848] Net rom in module/entity ProgRom does not have driver. [/home/brianm/Documents/Repos/CPE233Labs/HW_1/HW_1.srcs/sources_1/new/progROM.sv:32]
WARNING: [Synth 8-3848] Net rom in module/entity ProgRom does not have driver. [/home/brianm/Documents/Repos/CPE233Labs/HW_1/HW_1.srcs/sources_1/new/progROM.sv:32]
WARNING: [Synth 8-3848] Net rom in module/entity ProgRom does not have driver. [/home/brianm/Documents/Repos/CPE233Labs/HW_1/HW_1.srcs/sources_1/new/progROM.sv:32]
WARNING: [Synth 8-3848] Net rom in module/entity ProgRom does not have driver. [/home/brianm/Documents/Repos/CPE233Labs/HW_1/HW_1.srcs/sources_1/new/progROM.sv:32]
WARNING: [Synth 8-3848] Net rom in module/entity ProgRom does not have driver. [/home/brianm/Documents/Repos/CPE233Labs/HW_1/HW_1.srcs/sources_1/new/progROM.sv:32]
WARNING: [Synth 8-3848] Net rom in module/entity ProgRom does not have driver. [/home/brianm/Documents/Repos/CPE233Labs/HW_1/HW_1.srcs/sources_1/new/progROM.sv:32]
WARNING: [Synth 8-3848] Net rom in module/entity ProgRom does not have driver. [/home/brianm/Documents/Repos/CPE233Labs/HW_1/HW_1.srcs/sources_1/new/progROM.sv:32]
WARNING: [Synth 8-3848] Net rom in module/entity ProgRom does not have driver. [/home/brianm/Documents/Repos/CPE233Labs/HW_1/HW_1.srcs/sources_1/new/progROM.sv:32]
WARNING: [Synth 8-3848] Net rom in module/entity ProgRom does not have driver. [/home/brianm/Documents/Repos/CPE233Labs/HW_1/HW_1.srcs/sources_1/new/progROM.sv:32]
WARNING: [Synth 8-3848] Net rom in module/entity ProgRom does not have driver. [/home/brianm/Documents/Repos/CPE233Labs/HW_1/HW_1.srcs/sources_1/new/progROM.sv:32]
WARNING: [Synth 8-3848] Net rom in module/entity ProgRom does not have driver. [/home/brianm/Documents/Repos/CPE233Labs/HW_1/HW_1.srcs/sources_1/new/progROM.sv:32]
WARNING: [Synth 8-3848] Net rom in module/entity ProgRom does not have driver. [/home/brianm/Documents/Repos/CPE233Labs/HW_1/HW_1.srcs/sources_1/new/progROM.sv:32]
WARNING: [Synth 8-3848] Net rom in module/entity ProgRom does not have driver. [/home/brianm/Documents/Repos/CPE233Labs/HW_1/HW_1.srcs/sources_1/new/progROM.sv:32]
WARNING: [Synth 8-3848] Net rom in module/entity ProgRom does not have driver. [/home/brianm/Documents/Repos/CPE233Labs/HW_1/HW_1.srcs/sources_1/new/progROM.sv:32]
WARNING: [Synth 8-3848] Net rom in module/entity ProgRom does not have driver. [/home/brianm/Documents/Repos/CPE233Labs/HW_1/HW_1.srcs/sources_1/new/progROM.sv:32]
WARNING: [Synth 8-3848] Net rom in module/entity ProgRom does not have driver. [/home/brianm/Documents/Repos/CPE233Labs/HW_1/HW_1.srcs/sources_1/new/progROM.sv:32]
WARNING: [Synth 8-3848] Net rom in module/entity ProgRom does not have driver. [/home/brianm/Documents/Repos/CPE233Labs/HW_1/HW_1.srcs/sources_1/new/progROM.sv:32]
WARNING: [Synth 8-3848] Net rom in module/entity ProgRom does not have driver. [/home/brianm/Documents/Repos/CPE233Labs/HW_1/HW_1.srcs/sources_1/new/progROM.sv:32]
WARNING: [Synth 8-3848] Net rom in module/entity ProgRom does not have driver. [/home/brianm/Documents/Repos/CPE233Labs/HW_1/HW_1.srcs/sources_1/new/progROM.sv:32]
WARNING: [Synth 8-3848] Net rom in module/entity ProgRom does not have driver. [/home/brianm/Documents/Repos/CPE233Labs/HW_1/HW_1.srcs/sources_1/new/progROM.sv:32]
WARNING: [Synth 8-3848] Net rom in module/entity ProgRom does not have driver. [/home/brianm/Documents/Repos/CPE233Labs/HW_1/HW_1.srcs/sources_1/new/progROM.sv:32]
WARNING: [Synth 8-3848] Net rom in module/entity ProgRom does not have driver. [/home/brianm/Documents/Repos/CPE233Labs/HW_1/HW_1.srcs/sources_1/new/progROM.sv:32]
WARNING: [Synth 8-3848] Net rom in module/entity ProgRom does not have driver. [/home/brianm/Documents/Repos/CPE233Labs/HW_1/HW_1.srcs/sources_1/new/progROM.sv:32]
WARNING: [Synth 8-3848] Net rom in module/entity ProgRom does not have driver. [/home/brianm/Documents/Repos/CPE233Labs/HW_1/HW_1.srcs/sources_1/new/progROM.sv:32]
WARNING: [Synth 8-3848] Net rom in module/entity ProgRom does not have driver. [/home/brianm/Documents/Repos/CPE233Labs/HW_1/HW_1.srcs/sources_1/new/progROM.sv:32]
WARNING: [Synth 8-3848] Net rom in module/entity ProgRom does not have driver. [/home/brianm/Documents/Repos/CPE233Labs/HW_1/HW_1.srcs/sources_1/new/progROM.sv:32]
WARNING: [Synth 8-3848] Net rom in module/entity ProgRom does not have driver. [/home/brianm/Documents/Repos/CPE233Labs/HW_1/HW_1.srcs/sources_1/new/progROM.sv:32]
WARNING: [Synth 8-3848] Net rom in module/entity ProgRom does not have driver. [/home/brianm/Documents/Repos/CPE233Labs/HW_1/HW_1.srcs/sources_1/new/progROM.sv:32]
WARNING: [Synth 8-3848] Net rom in module/entity ProgRom does not have driver. [/home/brianm/Documents/Repos/CPE233Labs/HW_1/HW_1.srcs/sources_1/new/progROM.sv:32]
WARNING: [Synth 8-3848] Net rom in module/entity ProgRom does not have driver. [/home/brianm/Documents/Repos/CPE233Labs/HW_1/HW_1.srcs/sources_1/new/progROM.sv:32]
WARNING: [Synth 8-3848] Net rom in module/entity ProgRom does not have driver. [/home/brianm/Documents/Repos/CPE233Labs/HW_1/HW_1.srcs/sources_1/new/progROM.sv:32]
WARNING: [Synth 8-3848] Net rom in module/entity ProgRom does not have driver. [/home/brianm/Documents/Repos/CPE233Labs/HW_1/HW_1.srcs/sources_1/new/progROM.sv:32]
WARNING: [Synth 8-3848] Net rom in module/entity ProgRom does not have driver. [/home/brianm/Documents/Repos/CPE233Labs/HW_1/HW_1.srcs/sources_1/new/progROM.sv:32]
WARNING: [Synth 8-3848] Net rom in module/entity ProgRom does not have driver. [/home/brianm/Documents/Repos/CPE233Labs/HW_1/HW_1.srcs/sources_1/new/progROM.sv:32]
WARNING: [Synth 8-3848] Net rom in module/entity ProgRom does not have driver. [/home/brianm/Documents/Repos/CPE233Labs/HW_1/HW_1.srcs/sources_1/new/progROM.sv:32]
WARNING: [Synth 8-3848] Net rom in module/entity ProgRom does not have driver. [/home/brianm/Documents/Repos/CPE233Labs/HW_1/HW_1.srcs/sources_1/new/progROM.sv:32]
WARNING: [Synth 8-3848] Net rom in module/entity ProgRom does not have driver. [/home/brianm/Documents/Repos/CPE233Labs/HW_1/HW_1.srcs/sources_1/new/progROM.sv:32]
WARNING: [Synth 8-3848] Net rom in module/entity ProgRom does not have driver. [/home/brianm/Documents/Repos/CPE233Labs/HW_1/HW_1.srcs/sources_1/new/progROM.sv:32]
WARNING: [Synth 8-3848] Net rom in module/entity ProgRom does not have driver. [/home/brianm/Documents/Repos/CPE233Labs/HW_1/HW_1.srcs/sources_1/new/progROM.sv:32]
WARNING: [Synth 8-3848] Net rom in module/entity ProgRom does not have driver. [/home/brianm/Documents/Repos/CPE233Labs/HW_1/HW_1.srcs/sources_1/new/progROM.sv:32]
WARNING: [Synth 8-3848] Net rom in module/entity ProgRom does not have driver. [/home/brianm/Documents/Repos/CPE233Labs/HW_1/HW_1.srcs/sources_1/new/progROM.sv:32]
WARNING: [Synth 8-3848] Net rom in module/entity ProgRom does not have driver. [/home/brianm/Documents/Repos/CPE233Labs/HW_1/HW_1.srcs/sources_1/new/progROM.sv:32]
WARNING: [Synth 8-3848] Net rom in module/entity ProgRom does not have driver. [/home/brianm/Documents/Repos/CPE233Labs/HW_1/HW_1.srcs/sources_1/new/progROM.sv:32]
WARNING: [Synth 8-3848] Net rom in module/entity ProgRom does not have driver. [/home/brianm/Documents/Repos/CPE233Labs/HW_1/HW_1.srcs/sources_1/new/progROM.sv:32]
WARNING: [Synth 8-3848] Net rom in module/entity ProgRom does not have driver. [/home/brianm/Documents/Repos/CPE233Labs/HW_1/HW_1.srcs/sources_1/new/progROM.sv:32]
WARNING: [Synth 8-3848] Net rom in module/entity ProgRom does not have driver. [/home/brianm/Documents/Repos/CPE233Labs/HW_1/HW_1.srcs/sources_1/new/progROM.sv:32]
WARNING: [Synth 8-3848] Net rom in module/entity ProgRom does not have driver. [/home/brianm/Documents/Repos/CPE233Labs/HW_1/HW_1.srcs/sources_1/new/progROM.sv:32]
WARNING: [Synth 8-3848] Net rom in module/entity ProgRom does not have driver. [/home/brianm/Documents/Repos/CPE233Labs/HW_1/HW_1.srcs/sources_1/new/progROM.sv:32]
WARNING: [Synth 8-3848] Net rom in module/entity ProgRom does not have driver. [/home/brianm/Documents/Repos/CPE233Labs/HW_1/HW_1.srcs/sources_1/new/progROM.sv:32]
WARNING: [Synth 8-3848] Net rom in module/entity ProgRom does not have driver. [/home/brianm/Documents/Repos/CPE233Labs/HW_1/HW_1.srcs/sources_1/new/progROM.sv:32]
WARNING: [Synth 8-3848] Net rom in module/entity ProgRom does not have driver. [/home/brianm/Documents/Repos/CPE233Labs/HW_1/HW_1.srcs/sources_1/new/progROM.sv:32]
WARNING: [Synth 8-3848] Net rom in module/entity ProgRom does not have driver. [/home/brianm/Documents/Repos/CPE233Labs/HW_1/HW_1.srcs/sources_1/new/progROM.sv:32]
WARNING: [Synth 8-3848] Net rom in module/entity ProgRom does not have driver. [/home/brianm/Documents/Repos/CPE233Labs/HW_1/HW_1.srcs/sources_1/new/progROM.sv:32]
WARNING: [Synth 8-3848] Net rom in module/entity ProgRom does not have driver. [/home/brianm/Documents/Repos/CPE233Labs/HW_1/HW_1.srcs/sources_1/new/progROM.sv:32]
WARNING: [Synth 8-3848] Net rom in module/entity ProgRom does not have driver. [/home/brianm/Documents/Repos/CPE233Labs/HW_1/HW_1.srcs/sources_1/new/progROM.sv:32]
WARNING: [Synth 8-3848] Net rom in module/entity ProgRom does not have driver. [/home/brianm/Documents/Repos/CPE233Labs/HW_1/HW_1.srcs/sources_1/new/progROM.sv:32]
WARNING: [Synth 8-3848] Net rom in module/entity ProgRom does not have driver. [/home/brianm/Documents/Repos/CPE233Labs/HW_1/HW_1.srcs/sources_1/new/progROM.sv:32]
WARNING: [Synth 8-3848] Net rom in module/entity ProgRom does not have driver. [/home/brianm/Documents/Repos/CPE233Labs/HW_1/HW_1.srcs/sources_1/new/progROM.sv:32]
WARNING: [Synth 8-3848] Net rom in module/entity ProgRom does not have driver. [/home/brianm/Documents/Repos/CPE233Labs/HW_1/HW_1.srcs/sources_1/new/progROM.sv:32]
WARNING: [Synth 8-3848] Net rom in module/entity ProgRom does not have driver. [/home/brianm/Documents/Repos/CPE233Labs/HW_1/HW_1.srcs/sources_1/new/progROM.sv:32]
WARNING: [Synth 8-3848] Net rom in module/entity ProgRom does not have driver. [/home/brianm/Documents/Repos/CPE233Labs/HW_1/HW_1.srcs/sources_1/new/progROM.sv:32]
WARNING: [Synth 8-3848] Net rom in module/entity ProgRom does not have driver. [/home/brianm/Documents/Repos/CPE233Labs/HW_1/HW_1.srcs/sources_1/new/progROM.sv:32]
WARNING: [Synth 8-3848] Net rom in module/entity ProgRom does not have driver. [/home/brianm/Documents/Repos/CPE233Labs/HW_1/HW_1.srcs/sources_1/new/progROM.sv:32]
WARNING: [Synth 8-3848] Net rom in module/entity ProgRom does not have driver. [/home/brianm/Documents/Repos/CPE233Labs/HW_1/HW_1.srcs/sources_1/new/progROM.sv:32]
WARNING: [Synth 8-3848] Net rom in module/entity ProgRom does not have driver. [/home/brianm/Documents/Repos/CPE233Labs/HW_1/HW_1.srcs/sources_1/new/progROM.sv:32]
WARNING: [Synth 8-3848] Net rom in module/entity ProgRom does not have driver. [/home/brianm/Documents/Repos/CPE233Labs/HW_1/HW_1.srcs/sources_1/new/progROM.sv:32]
WARNING: [Synth 8-3848] Net rom in module/entity ProgRom does not have driver. [/home/brianm/Documents/Repos/CPE233Labs/HW_1/HW_1.srcs/sources_1/new/progROM.sv:32]
WARNING: [Synth 8-3848] Net rom in module/entity ProgRom does not have driver. [/home/brianm/Documents/Repos/CPE233Labs/HW_1/HW_1.srcs/sources_1/new/progROM.sv:32]
WARNING: [Synth 8-3848] Net rom in module/entity ProgRom does not have driver. [/home/brianm/Documents/Repos/CPE233Labs/HW_1/HW_1.srcs/sources_1/new/progROM.sv:32]
WARNING: [Synth 8-3848] Net rom in module/entity ProgRom does not have driver. [/home/brianm/Documents/Repos/CPE233Labs/HW_1/HW_1.srcs/sources_1/new/progROM.sv:32]
WARNING: [Synth 8-3848] Net rom in module/entity ProgRom does not have driver. [/home/brianm/Documents/Repos/CPE233Labs/HW_1/HW_1.srcs/sources_1/new/progROM.sv:32]
WARNING: [Synth 8-3848] Net rom in module/entity ProgRom does not have driver. [/home/brianm/Documents/Repos/CPE233Labs/HW_1/HW_1.srcs/sources_1/new/progROM.sv:32]
WARNING: [Synth 8-3848] Net rom in module/entity ProgRom does not have driver. [/home/brianm/Documents/Repos/CPE233Labs/HW_1/HW_1.srcs/sources_1/new/progROM.sv:32]
WARNING: [Synth 8-3848] Net rom in module/entity ProgRom does not have driver. [/home/brianm/Documents/Repos/CPE233Labs/HW_1/HW_1.srcs/sources_1/new/progROM.sv:32]
WARNING: [Synth 8-3848] Net rom in module/entity ProgRom does not have driver. [/home/brianm/Documents/Repos/CPE233Labs/HW_1/HW_1.srcs/sources_1/new/progROM.sv:32]
WARNING: [Synth 8-3848] Net rom in module/entity ProgRom does not have driver. [/home/brianm/Documents/Repos/CPE233Labs/HW_1/HW_1.srcs/sources_1/new/progROM.sv:32]
WARNING: [Synth 8-3848] Net rom in module/entity ProgRom does not have driver. [/home/brianm/Documents/Repos/CPE233Labs/HW_1/HW_1.srcs/sources_1/new/progROM.sv:32]
WARNING: [Synth 8-3848] Net rom in module/entity ProgRom does not have driver. [/home/brianm/Documents/Repos/CPE233Labs/HW_1/HW_1.srcs/sources_1/new/progROM.sv:32]
WARNING: [Synth 8-3848] Net rom in module/entity ProgRom does not have driver. [/home/brianm/Documents/Repos/CPE233Labs/HW_1/HW_1.srcs/sources_1/new/progROM.sv:32]
WARNING: [Synth 8-3848] Net rom in module/entity ProgRom does not have driver. [/home/brianm/Documents/Repos/CPE233Labs/HW_1/HW_1.srcs/sources_1/new/progROM.sv:32]
WARNING: [Synth 8-3848] Net rom in module/entity ProgRom does not have driver. [/home/brianm/Documents/Repos/CPE233Labs/HW_1/HW_1.srcs/sources_1/new/progROM.sv:32]
WARNING: [Synth 8-3848] Net rom in module/entity ProgRom does not have driver. [/home/brianm/Documents/Repos/CPE233Labs/HW_1/HW_1.srcs/sources_1/new/progROM.sv:32]
WARNING: [Synth 8-3848] Net rom in module/entity ProgRom does not have driver. [/home/brianm/Documents/Repos/CPE233Labs/HW_1/HW_1.srcs/sources_1/new/progROM.sv:32]
WARNING: [Synth 8-3848] Net rom in module/entity ProgRom does not have driver. [/home/brianm/Documents/Repos/CPE233Labs/HW_1/HW_1.srcs/sources_1/new/progROM.sv:32]
WARNING: [Synth 8-3848] Net rom in module/entity ProgRom does not have driver. [/home/brianm/Documents/Repos/CPE233Labs/HW_1/HW_1.srcs/sources_1/new/progROM.sv:32]
WARNING: [Synth 8-3848] Net rom in module/entity ProgRom does not have driver. [/home/brianm/Documents/Repos/CPE233Labs/HW_1/HW_1.srcs/sources_1/new/progROM.sv:32]
WARNING: [Synth 8-3848] Net rom in module/entity ProgRom does not have driver. [/home/brianm/Documents/Repos/CPE233Labs/HW_1/HW_1.srcs/sources_1/new/progROM.sv:32]
WARNING: [Synth 8-3848] Net rom in module/entity ProgRom does not have driver. [/home/brianm/Documents/Repos/CPE233Labs/HW_1/HW_1.srcs/sources_1/new/progROM.sv:32]
WARNING: [Synth 8-3848] Net rom in module/entity ProgRom does not have driver. [/home/brianm/Documents/Repos/CPE233Labs/HW_1/HW_1.srcs/sources_1/new/progROM.sv:32]
WARNING: [Synth 8-3848] Net rom in module/entity ProgRom does not have driver. [/home/brianm/Documents/Repos/CPE233Labs/HW_1/HW_1.srcs/sources_1/new/progROM.sv:32]
WARNING: [Synth 8-3848] Net rom in module/entity ProgRom does not have driver. [/home/brianm/Documents/Repos/CPE233Labs/HW_1/HW_1.srcs/sources_1/new/progROM.sv:32]
WARNING: [Synth 8-3848] Net rom in module/entity ProgRom does not have driver. [/home/brianm/Documents/Repos/CPE233Labs/HW_1/HW_1.srcs/sources_1/new/progROM.sv:32]
WARNING: [Synth 8-3848] Net rom in module/entity ProgRom does not have driver. [/home/brianm/Documents/Repos/CPE233Labs/HW_1/HW_1.srcs/sources_1/new/progROM.sv:32]
WARNING: [Synth 8-3848] Net rom in module/entity ProgRom does not have driver. [/home/brianm/Documents/Repos/CPE233Labs/HW_1/HW_1.srcs/sources_1/new/progROM.sv:32]
INFO: [Common 17-14] Message 'Synth 8-3848' appears 100 times and further instances of the messages will be disabled. Use the Tcl command set_msg_config to change the current settings.
WARNING: [Synth 8-7129] Port PROG_ADDR[31] in module ProgRom is either unconnected or has no load
WARNING: [Synth 8-7129] Port PROG_ADDR[30] in module ProgRom is either unconnected or has no load
WARNING: [Synth 8-7129] Port PROG_ADDR[29] in module ProgRom is either unconnected or has no load
WARNING: [Synth 8-7129] Port PROG_ADDR[28] in module ProgRom is either unconnected or has no load
WARNING: [Synth 8-7129] Port PROG_ADDR[27] in module ProgRom is either unconnected or has no load
WARNING: [Synth 8-7129] Port PROG_ADDR[26] in module ProgRom is either unconnected or has no load
WARNING: [Synth 8-7129] Port PROG_ADDR[25] in module ProgRom is either unconnected or has no load
WARNING: [Synth 8-7129] Port PROG_ADDR[24] in module ProgRom is either unconnected or has no load
WARNING: [Synth 8-7129] Port PROG_ADDR[23] in module ProgRom is either unconnected or has no load
WARNING: [Synth 8-7129] Port PROG_ADDR[22] in module ProgRom is either unconnected or has no load
WARNING: [Synth 8-7129] Port PROG_ADDR[21] in module ProgRom is either unconnected or has no load
WARNING: [Synth 8-7129] Port PROG_ADDR[20] in module ProgRom is either unconnected or has no load
WARNING: [Synth 8-7129] Port PROG_ADDR[19] in module ProgRom is either unconnected or has no load
WARNING: [Synth 8-7129] Port PROG_ADDR[18] in module ProgRom is either unconnected or has no load
WARNING: [Synth 8-7129] Port PROG_ADDR[17] in module ProgRom is either unconnected or has no load
WARNING: [Synth 8-7129] Port PROG_ADDR[16] in module ProgRom is either unconnected or has no load
WARNING: [Synth 8-7129] Port PROG_ADDR[1] in module ProgRom is either unconnected or has no load
WARNING: [Synth 8-7129] Port PROG_ADDR[0] in module ProgRom is either unconnected or has no load
---------------------------------------------------------------------------------
Finished Synthesize : Time (s): cpu = 00:00:08 ; elapsed = 00:00:08 . Memory (MB): peak = 2596.555 ; gain = 0.000 ; free physical = 13818 ; free virtual = 21695
---------------------------------------------------------------------------------
---------------------------------------------------------------------------------
Finished Constraint Validation : Time (s): cpu = 00:00:09 ; elapsed = 00:00:10 . Memory (MB): peak = 2596.555 ; gain = 0.000 ; free physical = 13833 ; free virtual = 21709
---------------------------------------------------------------------------------
---------------------------------------------------------------------------------
Start Loading Part and Timing Information
---------------------------------------------------------------------------------
Loading part: xc7a35tcpg236-1
INFO: [Device 21-403] Loading part xc7a35tcpg236-1
---------------------------------------------------------------------------------
Finished Loading Part and Timing Information : Time (s): cpu = 00:00:09 ; elapsed = 00:00:10 . Memory (MB): peak = 2604.559 ; gain = 8.004 ; free physical = 13825 ; free virtual = 21702
---------------------------------------------------------------------------------
---------------------------------------------------------------------------------
Finished RTL Optimization Phase 2 : Time (s): cpu = 00:00:23 ; elapsed = 00:00:21 . Memory (MB): peak = 2604.559 ; gain = 8.004 ; free physical = 13321 ; free virtual = 21223
---------------------------------------------------------------------------------
No constraint files found.
---------------------------------------------------------------------------------
Start RTL Component Statistics 
---------------------------------------------------------------------------------
Detailed RTL Component Info : 
+---Registers : 
	               32 Bit    Registers := 1     
---------------------------------------------------------------------------------
Finished RTL Component Statistics 
---------------------------------------------------------------------------------
---------------------------------------------------------------------------------
Start Part Resource Summary
---------------------------------------------------------------------------------
Part Resources:
DSPs: 90 (col length:60)
BRAMs: 100 (col length: RAMB18 60 RAMB36 30)
---------------------------------------------------------------------------------
Finished Part Resource Summary
---------------------------------------------------------------------------------
No constraint files found.
---------------------------------------------------------------------------------
Start Cross Boundary and Area Optimization
---------------------------------------------------------------------------------
WARNING: [Synth 8-7080] Parallel synthesis criteria is not met
WARNING: [Synth 8-7129] Port PROG_ADDR[31] in module ProgRom is either unconnected or has no load
WARNING: [Synth 8-7129] Port PROG_ADDR[30] in module ProgRom is either unconnected or has no load
WARNING: [Synth 8-7129] Port PROG_ADDR[29] in module ProgRom is either unconnected or has no load
WARNING: [Synth 8-7129] Port PROG_ADDR[28] in module ProgRom is either unconnected or has no load
WARNING: [Synth 8-7129] Port PROG_ADDR[27] in module ProgRom is either unconnected or has no load
WARNING: [Synth 8-7129] Port PROG_ADDR[26] in module ProgRom is either unconnected or has no load
WARNING: [Synth 8-7129] Port PROG_ADDR[25] in module ProgRom is either unconnected or has no load
WARNING: [Synth 8-7129] Port PROG_ADDR[24] in module ProgRom is either unconnected or has no load
WARNING: [Synth 8-7129] Port PROG_ADDR[23] in module ProgRom is either unconnected or has no load
WARNING: [Synth 8-7129] Port PROG_ADDR[22] in module ProgRom is either unconnected or has no load
WARNING: [Synth 8-7129] Port PROG_ADDR[21] in module ProgRom is either unconnected or has no load
WARNING: [Synth 8-7129] Port PROG_ADDR[20] in module ProgRom is either unconnected or has no load
WARNING: [Synth 8-7129] Port PROG_ADDR[19] in module ProgRom is either unconnected or has no load
WARNING: [Synth 8-7129] Port PROG_ADDR[18] in module ProgRom is either unconnected or has no load
WARNING: [Synth 8-7129] Port PROG_ADDR[17] in module ProgRom is either unconnected or has no load
WARNING: [Synth 8-7129] Port PROG_ADDR[16] in module ProgRom is either unconnected or has no load
WARNING: [Synth 8-7129] Port PROG_ADDR[1] in module ProgRom is either unconnected or has no load
WARNING: [Synth 8-7129] Port PROG_ADDR[0] in module ProgRom is either unconnected or has no load
---------------------------------------------------------------------------------
Finished Cross Boundary and Area Optimization : Time (s): cpu = 00:00:39 ; elapsed = 00:00:38 . Memory (MB): peak = 2706.277 ; gain = 109.723 ; free physical = 13163 ; free virtual = 21144
---------------------------------------------------------------------------------
No constraint files found.
---------------------------------------------------------------------------------
Start Timing Optimization
---------------------------------------------------------------------------------
---------------------------------------------------------------------------------
Finished Timing Optimization : Time (s): cpu = 00:00:39 ; elapsed = 00:00:38 . Memory (MB): peak = 2706.277 ; gain = 109.723 ; free physical = 13162 ; free virtual = 21143
---------------------------------------------------------------------------------
---------------------------------------------------------------------------------
Start Technology Mapping
---------------------------------------------------------------------------------
---------------------------------------------------------------------------------
Finished Technology Mapping : Time (s): cpu = 00:00:39 ; elapsed = 00:00:38 . Memory (MB): peak = 2706.277 ; gain = 109.723 ; free physical = 13163 ; free virtual = 21144
---------------------------------------------------------------------------------
---------------------------------------------------------------------------------
Start IO Insertion
---------------------------------------------------------------------------------
---------------------------------------------------------------------------------
Start Flattening Before IO Insertion
---------------------------------------------------------------------------------
---------------------------------------------------------------------------------
Finished Flattening Before IO Insertion
---------------------------------------------------------------------------------
---------------------------------------------------------------------------------
Start Final Netlist Cleanup
---------------------------------------------------------------------------------
---------------------------------------------------------------------------------
Finished Final Netlist Cleanup
---------------------------------------------------------------------------------
---------------------------------------------------------------------------------
Finished IO Insertion : Time (s): cpu = 00:00:43 ; elapsed = 00:00:41 . Memory (MB): peak = 2706.277 ; gain = 109.723 ; free physical = 13159 ; free virtual = 21140
---------------------------------------------------------------------------------
---------------------------------------------------------------------------------
Start Renaming Generated Instances
---------------------------------------------------------------------------------
---------------------------------------------------------------------------------
Finished Renaming Generated Instances : Time (s): cpu = 00:00:43 ; elapsed = 00:00:41 . Memory (MB): peak = 2706.277 ; gain = 109.723 ; free physical = 13159 ; free virtual = 21140
---------------------------------------------------------------------------------
---------------------------------------------------------------------------------
Start Rebuilding User Hierarchy
---------------------------------------------------------------------------------
---------------------------------------------------------------------------------
Finished Rebuilding User Hierarchy : Time (s): cpu = 00:00:43 ; elapsed = 00:00:41 . Memory (MB): peak = 2706.277 ; gain = 109.723 ; free physical = 13159 ; free virtual = 21140
---------------------------------------------------------------------------------
---------------------------------------------------------------------------------
Start Renaming Generated Ports
---------------------------------------------------------------------------------
---------------------------------------------------------------------------------
Finished Renaming Generated Ports : Time (s): cpu = 00:00:43 ; elapsed = 00:00:41 . Memory (MB): peak = 2706.277 ; gain = 109.723 ; free physical = 13159 ; free virtual = 21140
---------------------------------------------------------------------------------
---------------------------------------------------------------------------------
Start Handling Custom Attributes
---------------------------------------------------------------------------------
---------------------------------------------------------------------------------
Finished Handling Custom Attributes : Time (s): cpu = 00:00:43 ; elapsed = 00:00:41 . Memory (MB): peak = 2706.277 ; gain = 109.723 ; free physical = 13159 ; free virtual = 21140
---------------------------------------------------------------------------------
---------------------------------------------------------------------------------
Start Renaming Generated Nets
---------------------------------------------------------------------------------
---------------------------------------------------------------------------------
Finished Renaming Generated Nets : Time (s): cpu = 00:00:43 ; elapsed = 00:00:41 . Memory (MB): peak = 2706.277 ; gain = 109.723 ; free physical = 13159 ; free virtual = 21140
---------------------------------------------------------------------------------
---------------------------------------------------------------------------------
Start Writing Synthesis Report
---------------------------------------------------------------------------------

Report BlackBoxes: 
+-+--------------+----------+
| |BlackBox name |Instances |
+-+--------------+----------+
+-+--------------+----------+

Report Cell Usage: 
+------+-----+------+
|      |Cell |Count |
+------+-----+------+
|1     |OBUF |    32|
+------+-----+------+

Report Instance Areas: 
+------+---------+-------+------+
|      |Instance |Module |Cells |
+------+---------+-------+------+
|1     |top      |       |    32|
+------+---------+-------+------+
---------------------------------------------------------------------------------
Finished Writing Synthesis Report : Time (s): cpu = 00:00:43 ; elapsed = 00:00:41 . Memory (MB): peak = 2706.277 ; gain = 109.723 ; free physical = 13159 ; free virtual = 21140
---------------------------------------------------------------------------------
Synthesis finished with 0 errors, 0 critical warnings and 16422 warnings.
Synthesis Optimization Runtime : Time (s): cpu = 00:00:43 ; elapsed = 00:00:41 . Memory (MB): peak = 2706.277 ; gain = 109.723 ; free physical = 13169 ; free virtual = 21150
Synthesis Optimization Complete : Time (s): cpu = 00:00:43 ; elapsed = 00:00:41 . Memory (MB): peak = 2706.285 ; gain = 109.723 ; free physical = 13169 ; free virtual = 21150
INFO: [Project 1-571] Translating synthesized netlist
Netlist sorting complete. Time (s): cpu = 00:00:00 ; elapsed = 00:00:00 . Memory (MB): peak = 2706.285 ; gain = 0.000 ; free physical = 13258 ; free virtual = 21242
INFO: [Project 1-570] Preparing netlist for logic optimization
INFO: [Opt 31-138] Pushed 0 inverter(s) to 0 load pin(s).
Netlist sorting complete. Time (s): cpu = 00:00:00 ; elapsed = 00:00:00 . Memory (MB): peak = 2706.285 ; gain = 0.000 ; free physical = 13191 ; free virtual = 21186
INFO: [Project 1-111] Unisim Transformation Summary:
No Unisim elements were transformed.

Synth Design complete, checksum: b6f22b6f
INFO: [Common 17-83] Releasing license: Synthesis
14 Infos, 138 Warnings, 0 Critical Warnings and 0 Errors encountered.
synth_design completed successfully
synth_design: Time (s): cpu = 00:00:48 ; elapsed = 00:00:43 . Memory (MB): peak = 2706.285 ; gain = 109.730 ; free physical = 13260 ; free virtual = 21255
INFO: [Common 17-1381] The checkpoint '/home/brianm/Documents/Repos/CPE233Labs/HW_1/HW_1.runs/synth_1/ProgRom.dcp' has been generated.
INFO: [runtcl-4] Executing : report_utilization -file ProgRom_utilization_synth.rpt -pb ProgRom_utilization_synth.pb
INFO: [Common 17-206] Exiting Vivado at Mon Jan 16 17:04:50 2023...
