
*** Running vivado
    with args -log BRANCH_ADDR_GEN.vds -m64 -product Vivado -mode batch -messageDb vivado.pb -notrace -source BRANCH_ADDR_GEN.tcl


****** Vivado v2022.1 (64-bit)
  **** SW Build 3526262 on Mon Apr 18 15:47:01 MDT 2022
  **** IP Build 3524634 on Mon Apr 18 20:55:01 MDT 2022
    ** Copyright 1986-2022 Xilinx, Inc. All Rights Reserved.

source BRANCH_ADDR_GEN.tcl -notrace
Command: read_checkpoint -auto_incremental -incremental /home/brianm/Documents/Repos/CPE233Labs/HW5_MEM_BRANCH_GENS/HW5_MEM_BRANCH_GENS.srcs/utils_1/imports/synth_1/BRANCH_ADDR_GEN.dcp
INFO: [Vivado 12-5825] Read reference checkpoint from /home/brianm/Documents/Repos/CPE233Labs/HW5_MEM_BRANCH_GENS/HW5_MEM_BRANCH_GENS.srcs/utils_1/imports/synth_1/BRANCH_ADDR_GEN.dcp for incremental synthesis
INFO: [Vivado 12-7989] Please ensure there are no constraint changes
Command: synth_design -top BRANCH_ADDR_GEN -part xc7a35tcpg236-1
Starting synth_design
Attempting to get a license for feature 'Synthesis' and/or device 'xc7a35t'
INFO: [Common 17-349] Got license for feature 'Synthesis' and/or device 'xc7a35t'
INFO: [Vivado_Tcl 4-1810] synth_design options have changed between reference and incremental; A full resynthesis will be run
INFO: [Synth 8-7079] Multithreading enabled for synth_design using a maximum of 4 processes.
INFO: [Synth 8-7078] Launching helper process for spawning children vivado processes
INFO: [Synth 8-7075] Helper process launched with PID 133041
---------------------------------------------------------------------------------
Starting Synthesize : Time (s): cpu = 00:00:03 ; elapsed = 00:00:03 . Memory (MB): peak = 2596.562 ; gain = 0.000 ; free physical = 6122 ; free virtual = 15292
---------------------------------------------------------------------------------
INFO: [Synth 8-6157] synthesizing module 'BRANCH_ADDR_GEN' [/home/brianm/Documents/Repos/CPE233Labs/HW5_MEM_BRANCH_GENS/HW5_MEM_BRANCH_GENS.srcs/sources_1/new/BRANCH_ADDR_GEN.sv:17]
INFO: [Synth 8-6155] done synthesizing module 'BRANCH_ADDR_GEN' (0#1) [/home/brianm/Documents/Repos/CPE233Labs/HW5_MEM_BRANCH_GENS/HW5_MEM_BRANCH_GENS.srcs/sources_1/new/BRANCH_ADDR_GEN.sv:17]
---------------------------------------------------------------------------------
Finished Synthesize : Time (s): cpu = 00:00:04 ; elapsed = 00:00:04 . Memory (MB): peak = 2596.562 ; gain = 0.000 ; free physical = 7107 ; free virtual = 16277
---------------------------------------------------------------------------------
---------------------------------------------------------------------------------
Finished Constraint Validation : Time (s): cpu = 00:00:05 ; elapsed = 00:00:05 . Memory (MB): peak = 2596.562 ; gain = 0.000 ; free physical = 7099 ; free virtual = 16269
---------------------------------------------------------------------------------
---------------------------------------------------------------------------------
Start Loading Part and Timing Information
---------------------------------------------------------------------------------
Loading part: xc7a35tcpg236-1
INFO: [Device 21-403] Loading part xc7a35tcpg236-1
---------------------------------------------------------------------------------
Finished Loading Part and Timing Information : Time (s): cpu = 00:00:05 ; elapsed = 00:00:05 . Memory (MB): peak = 2604.566 ; gain = 8.004 ; free physical = 7091 ; free virtual = 16261
---------------------------------------------------------------------------------
---------------------------------------------------------------------------------
Start Preparing Guide Design
---------------------------------------------------------------------------------
---------------------------------------------------------------------------------
Finished Doing Graph Differ : Time (s): cpu = 00:00:05 ; elapsed = 00:00:05 . Memory (MB): peak = 2604.566 ; gain = 8.004 ; free physical = 7098 ; free virtual = 16268
---------------------------------------------------------------------------------
---------------------------------------------------------------------------------
Finished Preparing Guide Design : Time (s): cpu = 00:00:05 ; elapsed = 00:00:05 . Memory (MB): peak = 2604.566 ; gain = 8.004 ; free physical = 7098 ; free virtual = 16268
---------------------------------------------------------------------------------
---------------------------------------------------------------------------------
Finished RTL Optimization Phase 2 : Time (s): cpu = 00:00:05 ; elapsed = 00:00:05 . Memory (MB): peak = 2604.566 ; gain = 8.004 ; free physical = 7097 ; free virtual = 16267
---------------------------------------------------------------------------------


Incremental Synthesis Report Summary:

1. Incremental synthesis run: no

   Reason for not running incremental synthesis : synth_design options have changed between reference and incremental


INFO: [Synth 8-7130] Flow is switching to default flow due to incremental criteria not met. If you would like to alter this behaviour and have the flow terminate instead, please set the following parameter config_implementation {autoIncr.Synth.RejectBehavior Terminate}
No constraint files found.
---------------------------------------------------------------------------------
Start RTL Component Statistics 
---------------------------------------------------------------------------------
Detailed RTL Component Info : 
+---Adders : 
	   2 Input   32 Bit       Adders := 3     
---------------------------------------------------------------------------------
Finished RTL Component Statistics 
---------------------------------------------------------------------------------
---------------------------------------------------------------------------------
Start Part Resource Summary
---------------------------------------------------------------------------------
Part Resources:
DSPs: 90 (col length:60)
BRAMs: 100 (col length: RAMB18 60 RAMB36 30)
---------------------------------------------------------------------------------
Finished Part Resource Summary
---------------------------------------------------------------------------------
No constraint files found.
---------------------------------------------------------------------------------
Start Cross Boundary and Area Optimization
---------------------------------------------------------------------------------
WARNING: [Synth 8-7080] Parallel synthesis criteria is not met
---------------------------------------------------------------------------------
Finished Cross Boundary and Area Optimization : Time (s): cpu = 00:00:08 ; elapsed = 00:00:09 . Memory (MB): peak = 2604.566 ; gain = 8.004 ; free physical = 6782 ; free virtual = 15952
---------------------------------------------------------------------------------
No constraint files found.
---------------------------------------------------------------------------------
Start Timing Optimization
---------------------------------------------------------------------------------
---------------------------------------------------------------------------------
Finished Timing Optimization : Time (s): cpu = 00:00:08 ; elapsed = 00:00:09 . Memory (MB): peak = 2604.566 ; gain = 8.004 ; free physical = 6779 ; free virtual = 15949
---------------------------------------------------------------------------------
---------------------------------------------------------------------------------
Start Technology Mapping
---------------------------------------------------------------------------------
---------------------------------------------------------------------------------
Finished Technology Mapping : Time (s): cpu = 00:00:08 ; elapsed = 00:00:09 . Memory (MB): peak = 2604.566 ; gain = 8.004 ; free physical = 6779 ; free virtual = 15949
---------------------------------------------------------------------------------
---------------------------------------------------------------------------------
Start IO Insertion
---------------------------------------------------------------------------------
---------------------------------------------------------------------------------
Start Flattening Before IO Insertion
---------------------------------------------------------------------------------
---------------------------------------------------------------------------------
Finished Flattening Before IO Insertion
---------------------------------------------------------------------------------
---------------------------------------------------------------------------------
Start Final Netlist Cleanup
---------------------------------------------------------------------------------
---------------------------------------------------------------------------------
Finished Final Netlist Cleanup
---------------------------------------------------------------------------------
---------------------------------------------------------------------------------
Finished IO Insertion : Time (s): cpu = 00:00:12 ; elapsed = 00:00:12 . Memory (MB): peak = 2604.566 ; gain = 8.004 ; free physical = 6798 ; free virtual = 15964
---------------------------------------------------------------------------------
---------------------------------------------------------------------------------
Start Renaming Generated Instances
---------------------------------------------------------------------------------
---------------------------------------------------------------------------------
Finished Renaming Generated Instances : Time (s): cpu = 00:00:12 ; elapsed = 00:00:12 . Memory (MB): peak = 2604.566 ; gain = 8.004 ; free physical = 6798 ; free virtual = 15964
---------------------------------------------------------------------------------
---------------------------------------------------------------------------------
Start Rebuilding User Hierarchy
---------------------------------------------------------------------------------
---------------------------------------------------------------------------------
Finished Rebuilding User Hierarchy : Time (s): cpu = 00:00:12 ; elapsed = 00:00:12 . Memory (MB): peak = 2604.566 ; gain = 8.004 ; free physical = 6798 ; free virtual = 15964
---------------------------------------------------------------------------------
---------------------------------------------------------------------------------
Start Renaming Generated Ports
---------------------------------------------------------------------------------
---------------------------------------------------------------------------------
Finished Renaming Generated Ports : Time (s): cpu = 00:00:12 ; elapsed = 00:00:12 . Memory (MB): peak = 2604.566 ; gain = 8.004 ; free physical = 6798 ; free virtual = 15964
---------------------------------------------------------------------------------
---------------------------------------------------------------------------------
Start Handling Custom Attributes
---------------------------------------------------------------------------------
---------------------------------------------------------------------------------
Finished Handling Custom Attributes : Time (s): cpu = 00:00:12 ; elapsed = 00:00:12 . Memory (MB): peak = 2604.566 ; gain = 8.004 ; free physical = 6798 ; free virtual = 15964
---------------------------------------------------------------------------------
---------------------------------------------------------------------------------
Start Renaming Generated Nets
---------------------------------------------------------------------------------
---------------------------------------------------------------------------------
Finished Renaming Generated Nets : Time (s): cpu = 00:00:12 ; elapsed = 00:00:12 . Memory (MB): peak = 2604.566 ; gain = 8.004 ; free physical = 6798 ; free virtual = 15964
---------------------------------------------------------------------------------
---------------------------------------------------------------------------------
Start Writing Synthesis Report
---------------------------------------------------------------------------------

Report BlackBoxes: 
+-+--------------+----------+
| |BlackBox name |Instances |
+-+--------------+----------+
+-+--------------+----------+

Report Cell Usage: 
+------+-------+------+
|      |Cell   |Count |
+------+-------+------+
|1     |CARRY4 |    24|
|2     |LUT2   |    96|
|3     |IBUF   |   160|
|4     |OBUF   |    96|
+------+-------+------+

Report Instance Areas: 
+------+---------+-------+------+
|      |Instance |Module |Cells |
+------+---------+-------+------+
|1     |top      |       |   376|
+------+---------+-------+------+
---------------------------------------------------------------------------------
Finished Writing Synthesis Report : Time (s): cpu = 00:00:12 ; elapsed = 00:00:12 . Memory (MB): peak = 2604.566 ; gain = 8.004 ; free physical = 6798 ; free virtual = 15964
---------------------------------------------------------------------------------
Synthesis finished with 0 errors, 0 critical warnings and 1 warnings.
Synthesis Optimization Runtime : Time (s): cpu = 00:00:12 ; elapsed = 00:00:12 . Memory (MB): peak = 2604.566 ; gain = 8.004 ; free physical = 6802 ; free virtual = 15969
Synthesis Optimization Complete : Time (s): cpu = 00:00:12 ; elapsed = 00:00:12 . Memory (MB): peak = 2604.574 ; gain = 8.004 ; free physical = 6802 ; free virtual = 15969
INFO: [Project 1-571] Translating synthesized netlist
Netlist sorting complete. Time (s): cpu = 00:00:00 ; elapsed = 00:00:00 . Memory (MB): peak = 2604.574 ; gain = 0.000 ; free physical = 6893 ; free virtual = 16059
INFO: [Netlist 29-17] Analyzing 24 Unisim elements for replacement
INFO: [Netlist 29-28] Unisim Transformation completed in 0 CPU seconds
INFO: [Project 1-570] Preparing netlist for logic optimization
INFO: [Opt 31-138] Pushed 0 inverter(s) to 0 load pin(s).
Netlist sorting complete. Time (s): cpu = 00:00:00 ; elapsed = 00:00:00 . Memory (MB): peak = 2604.574 ; gain = 0.000 ; free physical = 6781 ; free virtual = 15948
INFO: [Project 1-111] Unisim Transformation Summary:
No Unisim elements were transformed.

Synth Design complete, checksum: edfac403
INFO: [Common 17-83] Releasing license: Synthesis
18 Infos, 1 Warnings, 0 Critical Warnings and 0 Errors encountered.
synth_design completed successfully
synth_design: Time (s): cpu = 00:00:17 ; elapsed = 00:00:14 . Memory (MB): peak = 2604.574 ; gain = 8.012 ; free physical = 6859 ; free virtual = 16026
INFO: [Common 17-1381] The checkpoint '/home/brianm/Documents/Repos/CPE233Labs/HW5_MEM_BRANCH_GENS/HW5_MEM_BRANCH_GENS.runs/synth_1/BRANCH_ADDR_GEN.dcp' has been generated.
INFO: [runtcl-4] Executing : report_utilization -file BRANCH_ADDR_GEN_utilization_synth.rpt -pb BRANCH_ADDR_GEN_utilization_synth.pb
INFO: [Common 17-206] Exiting Vivado at Thu Feb  9 22:14:28 2023...
