Copyright 1986-2022 Xilinx, Inc. All Rights Reserved.
------------------------------------------------------------------------------------------
| Tool Version : Vivado v.2022.1 (lin64) Build 3526262 Mon Apr 18 15:47:01 MDT 2022
| Date         : Mon Feb 27 00:05:02 2023
| Host         : brian-desktopPC running 64-bit Manjaro Linux
| Command      : report_control_sets -verbose -file OTTER_Wrapper_control_sets_placed.rpt
| Design       : OTTER_Wrapper
| Device       : xc7a35t
------------------------------------------------------------------------------------------

Control Set Information

Table of Contents
-----------------
1. Summary
2. Histogram
3. Flip-Flop Distribution
4. Detailed Control Set Information

1. Summary
----------

+----------------------------------------------------------+-------+
|                          Status                          | Count |
+----------------------------------------------------------+-------+
| Total control sets                                       |    13 |
|    Minimum number of control sets                        |    13 |
|    Addition due to synthesis replication                 |     0 |
|    Addition due to physical synthesis replication        |     0 |
| Unused register locations in slices containing registers |    34 |
+----------------------------------------------------------+-------+
* Control sets can be merged at opt_design using control_set_merge or merge_equivalent_drivers
** Run report_qor_suggestions for automated merging and remapping suggestions


2. Histogram
------------

+--------------------+-------+
|       Fanout       | Count |
+--------------------+-------+
| Total control sets |    13 |
| >= 0 to < 4        |     3 |
| >= 4 to < 6        |     1 |
| >= 6 to < 8        |     1 |
| >= 8 to < 10       |     1 |
| >= 10 to < 12      |     0 |
| >= 12 to < 14      |     0 |
| >= 14 to < 16      |     0 |
| >= 16              |     7 |
+--------------------+-------+
* Control sets can be remapped at either synth_design or opt_design


3. Flip-Flop Distribution
-------------------------

+--------------+-----------------------+------------------------+-----------------+--------------+
| Clock Enable | Synchronous Set/Reset | Asynchronous Set/Reset | Total Registers | Total Slices |
+--------------+-----------------------+------------------------+-----------------+--------------+
| No           | No                    | No                     |              18 |           14 |
| No           | No                    | Yes                    |               0 |            0 |
| No           | Yes                   | No                     |              24 |            7 |
| Yes          | No                    | No                     |              68 |           37 |
| Yes          | No                    | Yes                    |               0 |            0 |
| Yes          | Yes                   | No                     |              48 |           26 |
+--------------+-----------------------+------------------------+-----------------+--------------+


4. Detailed Control Set Information
-----------------------------------

+-----------------------------+----------------------------------------------+------------------------------------------+------------------+----------------+--------------+
|         Clock Signal        |                 Enable Signal                |             Set/Reset Signal             | Slice Load Count | Bel Load Count | Bels / Slice |
+-----------------------------+----------------------------------------------+------------------------------------------+------------------+----------------+--------------+
|  CLK_IBUF_BUFG              |                                              |                                          |                2 |              2 |         1.00 |
|  SSG_DISP/CathMod/s_clk_500 |                                              | SSG_DISP/CathMod/r_disp_digit[0]_i_1_n_0 |                1 |              2 |         2.00 |
|  SSG_DISP/CathMod/s_clk_500 |                                              | SSG_DISP/CathMod/r_disp_digit[0]         |                1 |              2 |         2.00 |
|  clk_50_BUFG                | CPU/otter_memory/memRDEN1                    |                                          |                2 |              4 |         2.00 |
|  clk_50_BUFG                |                                              |                                          |                7 |              7 |         1.00 |
|  SSG_DISP/CathMod/s_clk_500 |                                              |                                          |                5 |              9 |         1.80 |
|  clk_50_BUFG                | CPU/State_Machine/FSM_sequential_PS_reg[1]_1 | CPU/otter_memory/ioBuffer[15]_i_1_n_0    |                9 |             16 |         1.78 |
|  clk_50_BUFG                | CPU/otter_memory/ioBuffer[15]_i_3_0[0]       |                                          |               12 |             16 |         1.33 |
|  clk_50_BUFG                | CPU/otter_memory/ioBuffer[15]_i_5_0[0]       |                                          |               10 |             16 |         1.60 |
|  CLK_IBUF_BUFG              |                                              | SSG_DISP/CathMod/clear                   |                5 |             20 |         4.00 |
|  clk_50_BUFG                | registers_reg_r1_0_31_0_5_i_116_n_0          |                                          |               13 |             32 |         2.46 |
|  clk_50_BUFG                | CPU/otter_memory/E[0]                        | CPU/State_Machine/SR[0]                  |               17 |             32 |         1.88 |
|  clk_50_BUFG                | CPU/State_Machine/regWrite                   |                                          |               11 |             88 |         8.00 |
+-----------------------------+----------------------------------------------+------------------------------------------+------------------+----------------+--------------+


